<?xml version="1.0" encoding="UTF-8"?>
<!-- Generated by org.testng.reporters.JUnitReportReporter -->
<testsuite skipped="0" hostname="Pradip-pc" name="pc1.ScreenS" tests="1" failures="0" timestamp="14 Oct 2018 16:13:30 GMT" time="14.884" errors="0">
  <testcase name="ASHA" time="14.884" classname="pc1.ScreenS"/>
</testsuite> <!-- pc1.ScreenS -->
